<?xml version="1.0" encoding="UTF-8"?>
<testsuite xmlns:xsi="http://www.w3.org/2001/XMLSchema-instance" xsi:noNamespaceSchemaLocation="https://maven.apache.org/surefire/maven-surefire-plugin/xsd/surefire-test-report.xsd" name="com.andybrook.service.api.StockItemsFileParserServiceTest" time="0.358" tests="6" errors="0" skipped="0" failures="0">
  <properties>
[...]
</properties>
  <testcase name="processFileIgnoreInvalidRowTest" classname="com.andybrook.service.api.StockItemsFileParserServiceTest" time="0.025"/>
  <testcase name="processValidFileTest" classname="com.andybrook.service.api.StockItemsFileParserServiceTest" time="0.039"/>
  <testcase name="processFileUntilLimitItems" classname="com.andybrook.service.api.StockItemsFileParserServiceTest" time="0.195"/>
  <testcase name="parseFileNotExistsTest" classname="com.andybrook.service.api.StockItemsFileParserServiceTest" time="0.005"/>
  <testcase name="contentFileTest" classname="com.andybrook.service.api.StockItemsFileParserServiceTest" time="0.028"/>
  <testcase name="generateStockItemFileUpload" classname="com.andybrook.service.api.StockItemsFileParserServiceTest" time="0.059"/>
</testsuite>